<?xml version="1.0" encoding="UTF-8"?>
<!-- Generated by org.testng.reporters.JUnitXMLReporter -->
<testsuite ignored="0" hostname="DESKTOP-HO0I41J" failures="0" tests="2" name="Command line test" time="48.032" errors="0" timestamp="2021-01-11T14:03:53 MSK">
  <testcase classname="test.CalculatorFormAccessTest" name="verifyThatBothFormsFilledCorrect" time="19.456"/>
  <testcase classname="test.CalculatorFormAccessTest" name="verifyThatFirstFormFilledCorrect" time="15.823"/>
</testsuite> <!-- Command line test -->
