<?xml version="1.0" encoding="UTF-8"?>
<!-- Generated by org.testng.reporters.JUnitXMLReporter -->
<testsuite ignored="0" hostname="DESKTOP-HO0I41J" failures="1" tests="2" name="CalculatorFormAccess" time="60.69" errors="0" timestamp="2021-01-18T00:27:36 MSK">
  <testcase classname="test.CalculatorFormAccessTest" name="verifyThatBothFormsFilledCorrect" time="27.13"/>
  <testcase classname="test.CalculatorFormAccessTest" name="verifyThatFirstFormFilledCorrect" time="19.84">
    <failure type="java.lang.AssertionError" message="expected [true] but found [false]">
      <![CDATA[java.lang.AssertionError: expected [true] but found [false]
at test.CalculatorFormAccessTest.verifyThatFirstFormFilledCorrect(CalculatorFormAccessTest.java:29)
at java.base/java.util.ArrayList.forEach(ArrayList.java:1507)
... Removed 35 stack frames]]>
    </failure>
  </testcase> <!-- verifyThatFirstFormFilledCorrect -->
</testsuite> <!-- CalculatorFormAccess -->
