<?xml version="1.0" encoding="UTF-8"?>
<testsuite xmlns:xsi="http://www.w3.org/2001/XMLSchema-instance" xsi:noNamespaceSchemaLocation="https://maven.apache.org/surefire/maven-surefire-plugin/xsd/surefire-test-report.xsd" name="TestSuite" time="62.598" tests="2" errors="0" skipped="0" failures="1">
  <properties>
[...]
</properties>
  <testcase name="verifyThatBothFormsFilledCorrect" classname="test.CalculatorFormAccessTest" time="27.134"/>
  <testcase name="verifyThatFirstFormFilledCorrect" classname="test.CalculatorFormAccessTest" time="20.566">
    <failure message="expected [true] but found [false]" type="java.lang.AssertionError">java.lang.AssertionError: expected [true] but found [false]
	at test.CalculatorFormAccessTest.verifyThatFirstFormFilledCorrect(CalculatorFormAccessTest.java:29)
</failure>
    <system-out><![CDATA[2021-01-18 00:27:19,285 INFO  [main] page.StartPage.openPage(StartPage.java:27) Start page opened
2021-01-18 00:27:34,129 INFO  [main] page.CalculatorPage.fillFirstForm(CalculatorPage.java:80) First form filled successful
]]></system-out>
    <system-err><![CDATA[Starting ChromeDriver 87.0.4280.88 (89e2380a3e36c3464b5dd1302349b1382549290d-refs/branch-heads/4280@{#1761}) on port 27414
Only local connections are allowed.
Please see https://chromedriver.chromium.org/security-considerations for suggestions on keeping ChromeDriver safe.
ChromeDriver was started successfully.
Jan 18, 2021 12:27:13 AM org.openqa.selenium.remote.ProtocolHandshake createSession
INFO: Detected dialect: W3C
]]></system-err>
  </testcase>
</testsuite>