<?xml version="1.0" encoding="UTF-8"?>
<testng-results ignored="0" total="2" passed="1" failed="1" skipped="0">
  <reporter-output>
  </reporter-output>
  <suite started-at="2021-01-18T00:26:35 MSK" name="Smoke" finished-at="2021-01-18T00:27:36 MSK" duration-ms="60690">
    <groups>
    </groups>
    <test started-at="2021-01-18T00:26:35 MSK" name="CalculatorFormAccess" finished-at="2021-01-18T00:27:36 MSK" duration-ms="60690">
      <class name="test.CalculatorFormAccessTest">
        <test-method is-config="true" signature="setUP()[pri:0, instance:test.CalculatorFormAccessTest@17497425]" started-at="2021-01-18T00:26:35 MSK" name="setUP" finished-at="2021-01-18T00:26:41 MSK" duration-ms="5913" status="PASS">
          <reporter-output>
          </reporter-output>
        </test-method> <!-- setUP -->
        <test-method signature="verifyThatBothFormsFilledCorrect()[pri:0, instance:test.CalculatorFormAccessTest@17497425]" started-at="2021-01-18T00:26:41 MSK" name="verifyThatBothFormsFilledCorrect" finished-at="2021-01-18T00:27:08 MSK" duration-ms="27130" status="PASS">
          <reporter-output>
          </reporter-output>
        </test-method> <!-- verifyThatBothFormsFilledCorrect -->
        <test-method is-config="true" signature="stopBrowser()[pri:0, instance:test.CalculatorFormAccessTest@17497425]" started-at="2021-01-18T00:27:08 MSK" name="stopBrowser" finished-at="2021-01-18T00:27:09 MSK" duration-ms="746" status="PASS">
          <reporter-output>
          </reporter-output>
        </test-method> <!-- stopBrowser -->
        <test-method is-config="true" signature="setUP()[pri:0, instance:test.CalculatorFormAccessTest@17497425]" started-at="2021-01-18T00:27:09 MSK" name="setUP" finished-at="2021-01-18T00:27:15 MSK" duration-ms="5537" status="PASS">
          <reporter-output>
          </reporter-output>
        </test-method> <!-- setUP -->
        <test-method signature="verifyThatFirstFormFilledCorrect()[pri:0, instance:test.CalculatorFormAccessTest@17497425]" started-at="2021-01-18T00:27:15 MSK" name="verifyThatFirstFormFilledCorrect" finished-at="2021-01-18T00:27:35 MSK" duration-ms="19840" status="FAIL">
          <exception class="java.lang.AssertionError">
            <message>
              <![CDATA[expected [true] but found [false]]]>
            </message>
            <full-stacktrace>
              <![CDATA[java.lang.AssertionError: expected [true] but found [false]
at org.testng.Assert.fail(Assert.java:99)
at org.testng.Assert.failNotEquals(Assert.java:1037)
at org.testng.Assert.assertTrue(Assert.java:45)
at org.testng.Assert.assertTrue(Assert.java:55)
at test.CalculatorFormAccessTest.verifyThatFirstFormFilledCorrect(CalculatorFormAccessTest.java:29)
at java.base/jdk.internal.reflect.NativeMethodAccessorImpl.invoke0(Native Method)
at java.base/jdk.internal.reflect.NativeMethodAccessorImpl.invoke(NativeMethodAccessorImpl.java:62)
at java.base/jdk.internal.reflect.DelegatingMethodAccessorImpl.invoke(DelegatingMethodAccessorImpl.java:43)
at java.base/java.lang.reflect.Method.invoke(Method.java:567)
at org.testng.internal.MethodInvocationHelper.invokeMethod(MethodInvocationHelper.java:132)
at org.testng.internal.TestInvoker.invokeMethod(TestInvoker.java:599)
at org.testng.internal.TestInvoker.invokeTestMethod(TestInvoker.java:174)
at org.testng.internal.MethodRunner.runInSequence(MethodRunner.java:46)
at org.testng.internal.TestInvoker$MethodInvocationAgent.invoke(TestInvoker.java:822)
at org.testng.internal.TestInvoker.invokeTestMethods(TestInvoker.java:147)
at org.testng.internal.TestMethodWorker.invokeTestMethods(TestMethodWorker.java:146)
at org.testng.internal.TestMethodWorker.run(TestMethodWorker.java:128)
at java.base/java.util.ArrayList.forEach(ArrayList.java:1507)
at org.testng.TestRunner.privateRun(TestRunner.java:764)
at org.testng.TestRunner.run(TestRunner.java:585)
at org.testng.SuiteRunner.runTest(SuiteRunner.java:384)
at org.testng.SuiteRunner.runSequentially(SuiteRunner.java:378)
at org.testng.SuiteRunner.privateRun(SuiteRunner.java:337)
at org.testng.SuiteRunner.run(SuiteRunner.java:286)
at org.testng.SuiteRunnerWorker.runSuite(SuiteRunnerWorker.java:53)
at org.testng.SuiteRunnerWorker.run(SuiteRunnerWorker.java:96)
at org.testng.TestNG.runSuitesSequentially(TestNG.java:1218)
at org.testng.TestNG.runSuitesLocally(TestNG.java:1140)
at org.testng.TestNG.runSuites(TestNG.java:1069)
at org.testng.TestNG.run(TestNG.java:1037)
at org.apache.maven.surefire.testng.TestNGExecutor.run(TestNGExecutor.java:283)
at org.apache.maven.surefire.testng.TestNGXmlTestSuite.execute(TestNGXmlTestSuite.java:75)
at org.apache.maven.surefire.testng.TestNGProvider.invoke(TestNGProvider.java:120)
at org.apache.maven.surefire.booter.ForkedBooter.invokeProviderInSameClassLoader(ForkedBooter.java:384)
at org.apache.maven.surefire.booter.ForkedBooter.runSuitesInProcess(ForkedBooter.java:345)
at org.apache.maven.surefire.booter.ForkedBooter.execute(ForkedBooter.java:126)
at org.apache.maven.surefire.booter.ForkedBooter.main(ForkedBooter.java:418)
]]>
            </full-stacktrace>
          </exception> <!-- java.lang.AssertionError -->
          <reporter-output>
          </reporter-output>
        </test-method> <!-- verifyThatFirstFormFilledCorrect -->
        <test-method is-config="true" signature="stopBrowser()[pri:0, instance:test.CalculatorFormAccessTest@17497425]" started-at="2021-01-18T00:27:35 MSK" name="stopBrowser" finished-at="2021-01-18T00:27:36 MSK" duration-ms="764" status="PASS">
          <reporter-output>
          </reporter-output>
        </test-method> <!-- stopBrowser -->
      </class> <!-- test.CalculatorFormAccessTest -->
    </test> <!-- CalculatorFormAccess -->
  </suite> <!-- Smoke -->
</testng-results>
